<?xml version="1.0" encoding="UTF-8"?>
<!-- Generated by org.testng.reporters.JUnitXMLReporter -->
<testsuite ignored="5" hostname="Yousefs-MacBook-Pro.local" failures="4" tests="26" name="All Functionalities" time="374.636" errors="0" timestamp="2022-06-11T14:42:54 CDT">
  <testcase classname="scripts._01_AppleTest" name="testAppleURL" time="2.816"/>
  <testcase classname="scripts._03_EtsyTest" name="testMainHeader" time="4.01">
    <failure type="java.lang.AssertionError" message="The expected text is not displayed expected [Shop Home Sales!] but found [Father&amp;apos;s Day Gifts]">
      <![CDATA[java.lang.AssertionError: The expected text is not displayed expected [Shop Home Sales!] but found [Father's Day Gifts]
at scripts._03_EtsyTest.testMainHeader(_03_EtsyTest.java:81)
at java.base/java.util.ArrayList.forEach(ArrayList.java:1511)
... Removed 32 stack frames]]>
    </failure>
  </testcase> <!-- testMainHeader -->
  <testcase classname="scripts._04_GoogleSearchTest" name="testGoogleStoreLink" time="14.606"/>
  <testcase classname="scripts._05_CheckBoxTest" name="testCheckBoxInHeroApp" time="9.717"/>
  <testcase classname="scripts._06_RadioButtonTest" name="testFacebookGenderRadioButtons" time="7.885"/>
  <testcase classname="scripts._07_DropdownTest" name="testUnsecurePasswordErrorMessage" time="16.789"/>
  <testcase classname="scripts._07_DropdownTest" name="testExpediaDropdowns" time="50.021">
    <failure type="org.openqa.selenium.NoSuchElementException" message="no such element: Unable to locate element: {&amp;quot;method&amp;quot;:&amp;quot;css selector&amp;quot;,&amp;quot;selector&amp;quot;:&amp;quot;primary-navigation button &amp;quot;}
  (Session info: chrome=102.0.5005.61)
For documentation on this error, please visit: https://www.seleniumhq.org/exceptions/no_such_element.html
Build info: version: &amp;apos;3.141.59&amp;apos;, revision: &amp;apos;e82be7d358&amp;apos;, time: &amp;apos;2018-11-14T08:17:03&amp;apos;
System info: host: &amp;apos;Yousefs-MacBook-Pro.local&amp;apos;, ip: &amp;apos;fe80:0:0:0:8a6:5225:d782:6b0e%en0&amp;apos;, os.name: &amp;apos;Mac OS X&amp;apos;, os.arch: &amp;apos;aarch64&amp;apos;, os.version: &amp;apos;12.3.1&amp;apos;, java.version: &amp;apos;18.0.1&amp;apos;
Driver info: org.openqa.selenium.chrome.ChromeDriver
Capabilities {acceptInsecureCerts: false, browserName: chrome, browserVersion: 102.0.5005.61, chrome: {chromedriverVersion: 102.0.5005.61 (0e59bcc00cc4..., userDataDir: /var/folders/2g/ykvb31ln215...}, goog:chromeOptions: {debuggerAddress: localhost:51620}, javascriptEnabled: true, networkConnectionEnabled: false, pageLoadStrategy: normal, platform: MAC, platformName: MAC, proxy: Proxy(), setWindowRect: true, strictFileInteractability: false, timeouts: {implicit: 0, pageLoad: 300000, script: 30000}, unhandledPromptBehavior: dismiss and notify, webauthn:extension:credBlob: true, webauthn:extension:largeBlob: true, webauthn:virtualAuthenticators: true}
Session ID: ca8f844068bb4e0bbfc7f26efeeb49e5
*** Element info: {Using=css selector, value=primary-navigation button }">
      <![CDATA[org.openqa.selenium.NoSuchElementException: no such element: Unable to locate element: {"method":"css selector","selector":"primary-navigation button "}
  (Session info: chrome=102.0.5005.61)
For documentation on this error, please visit: https://www.seleniumhq.org/exceptions/no_such_element.html
Build info: version: '3.141.59', revision: 'e82be7d358', time: '2018-11-14T08:17:03'
System info: host: 'Yousefs-MacBook-Pro.local', ip: 'fe80:0:0:0:8a6:5225:d782:6b0e%en0', os.name: 'Mac OS X', os.arch: 'aarch64', os.version: '12.3.1', java.version: '18.0.1'
Driver info: org.openqa.selenium.chrome.ChromeDriver
Capabilities {acceptInsecureCerts: false, browserName: chrome, browserVersion: 102.0.5005.61, chrome: {chromedriverVersion: 102.0.5005.61 (0e59bcc00cc4..., userDataDir: /var/folders/2g/ykvb31ln215...}, goog:chromeOptions: {debuggerAddress: localhost:51620}, javascriptEnabled: true, networkConnectionEnabled: false, pageLoadStrategy: normal, platform: MAC, platformName: MAC, proxy: Proxy(), setWindowRect: true, strictFileInteractability: false, timeouts: {implicit: 0, pageLoad: 300000, script: 30000}, unhandledPromptBehavior: dismiss and notify, webauthn:extension:credBlob: true, webauthn:extension:largeBlob: true, webauthn:virtualAuthenticators: true}
Session ID: ca8f844068bb4e0bbfc7f26efeeb49e5
*** Element info: {Using=css selector, value=primary-navigation button }
at org.openqa.selenium.remote.http.W3CHttpResponseCodec.createException(W3CHttpResponseCodec.java:187)
at org.openqa.selenium.remote.http.W3CHttpResponseCodec.decode(W3CHttpResponseCodec.java:122)
at org.openqa.selenium.remote.http.W3CHttpResponseCodec.decode(W3CHttpResponseCodec.java:49)
at org.openqa.selenium.remote.HttpCommandExecutor.execute(HttpCommandExecutor.java:158)
at org.openqa.selenium.remote.service.DriverCommandExecutor.execute(DriverCommandExecutor.java:83)
at org.openqa.selenium.remote.RemoteWebDriver.execute(RemoteWebDriver.java:552)
at org.openqa.selenium.remote.RemoteWebDriver.findElement(RemoteWebDriver.java:323)
at org.openqa.selenium.remote.RemoteWebDriver.findElementByCssSelector(RemoteWebDriver.java:420)
at org.openqa.selenium.By$ByCssSelector.findElement(By.java:431)
at org.openqa.selenium.remote.RemoteWebDriver.findElement(RemoteWebDriver.java:315)
at org.openqa.selenium.support.pagefactory.DefaultElementLocator.findElement(DefaultElementLocator.java:69)
at org.openqa.selenium.support.pagefactory.internal.LocatingElementHandler.invoke(LocatingElementHandler.java:38)
at jdk.proxy2/jdk.proxy2.$Proxy9.click(Unknown Source)
at scripts._07_DropdownTest.testExpediaDropdowns(_07_DropdownTest.java:65)
at java.base/java.util.ArrayList.forEach(ArrayList.java:1511)
... Removed 31 stack frames]]>
    </failure>
  </testcase> <!-- testExpediaDropdowns -->
  <testcase classname="scripts._07_DropdownTest" name="testEbayDropdown" time="0.001"/>
  <testcase classname="scripts._08_Alerts" name="testEtsySignInModal" time="4.771"/>
  <testcase classname="scripts._08_Alerts" name="testInformationWarningAlert" time="2.282"/>
  <testcase classname="scripts._08_Alerts" name="testConfirmationAlert" time="1.992"/>
  <testcase classname="scripts._08_Alerts" name="testPromptAlert" time="2.016"/>
  <testcase classname="scripts._08_Alerts" name="testAmazonAddressModal" time="23.754"/>
  <testcase classname="scripts._09_IFrames" name="testIFrame" time="7.441"/>
  <testcase classname="scripts._09_IFrames" name="rediffIFrameTest" time="2.679"/>
  <testcase classname="scripts._10_WindowsHandles" name="testTechGlobalSchoolFaceBookIcon" time="9.135"/>
  <testcase classname="scripts._10_WindowsHandles" name="testWindowHandle2" time="1.942"/>
  <testcase classname="scripts._11_FileUpload" name="testFileUpload1" time="4.174">
    <failure type="java.lang.AssertionError" message="expected [myFileTech2.xls] but found [myTasFile2.xls]">
      <![CDATA[java.lang.AssertionError: expected [myFileTech2.xls] but found [myTasFile2.xls]
at scripts._11_FileUpload.testFileUpload1(_11_FileUpload.java:18)
at java.base/java.util.ArrayList.forEach(ArrayList.java:1511)
... Removed 33 stack frames]]>
    </failure>
  </testcase> <!-- testFileUpload1 -->
  <testcase classname="scripts._11_FileUpload" name="testFileDownload" time="16.994"/>
  <testcase classname="scripts._12_Actions_Class" name="moveToElementPractice1" time="3.237"/>
  <testcase classname="scripts._12_Actions_Class" name="moveToElementPractice2" time="13.447"/>
  <testcase classname="scripts._12_Actions_Class" name="clickOnElementPractice" time="5.948"/>
  <testcase classname="scripts._12_Actions_Class" name="rightClickPractice" time="12.631"/>
  <testcase classname="scripts._12_Actions_Class" name="clickHoldAndReleasePractice" time="3.601"/>
  <testcase classname="scripts._12_Actions_Class" name="sendKeysToAnElement" time="6.461"/>
  <testcase classname="scripts._12_Actions_Class" name="practiceKeyDownAndKeyUp" time="0.061">
    <failure type="org.openqa.selenium.WebDriverException" message="disconnected: Unable to receive message from renderer
  (Session info: chrome=102.0.5005.61)
Build info: version: &amp;apos;3.141.59&amp;apos;, revision: &amp;apos;e82be7d358&amp;apos;, time: &amp;apos;2018-11-14T08:17:03&amp;apos;
System info: host: &amp;apos;Yousefs-MacBook-Pro.local&amp;apos;, ip: &amp;apos;fe80:0:0:0:8a6:5225:d782:6b0e%en0&amp;apos;, os.name: &amp;apos;Mac OS X&amp;apos;, os.arch: &amp;apos;aarch64&amp;apos;, os.version: &amp;apos;12.3.1&amp;apos;, java.version: &amp;apos;18.0.1&amp;apos;
Driver info: org.openqa.selenium.chrome.ChromeDriver
Capabilities {acceptInsecureCerts: false, browserName: chrome, browserVersion: 102.0.5005.61, chrome: {chromedriverVersion: 102.0.5005.61 (0e59bcc00cc4..., userDataDir: /var/folders/2g/ykvb31ln215...}, goog:chromeOptions: {debuggerAddress: localhost:53903}, javascriptEnabled: true, networkConnectionEnabled: false, pageLoadStrategy: normal, platform: MAC, platformName: MAC, proxy: Proxy(), setWindowRect: true, strictFileInteractability: false, timeouts: {implicit: 0, pageLoad: 300000, script: 30000}, unhandledPromptBehavior: dismiss and notify, webauthn:extension:credBlob: true, webauthn:extension:largeBlob: true, webauthn:virtualAuthenticators: true}
Session ID: 45b020dcdb32b2886484abb6c924a494">
      <![CDATA[org.openqa.selenium.WebDriverException: disconnected: Unable to receive message from renderer
  (Session info: chrome=102.0.5005.61)
Build info: version: '3.141.59', revision: 'e82be7d358', time: '2018-11-14T08:17:03'
System info: host: 'Yousefs-MacBook-Pro.local', ip: 'fe80:0:0:0:8a6:5225:d782:6b0e%en0', os.name: 'Mac OS X', os.arch: 'aarch64', os.version: '12.3.1', java.version: '18.0.1'
Driver info: org.openqa.selenium.chrome.ChromeDriver
Capabilities {acceptInsecureCerts: false, browserName: chrome, browserVersion: 102.0.5005.61, chrome: {chromedriverVersion: 102.0.5005.61 (0e59bcc00cc4..., userDataDir: /var/folders/2g/ykvb31ln215...}, goog:chromeOptions: {debuggerAddress: localhost:53903}, javascriptEnabled: true, networkConnectionEnabled: false, pageLoadStrategy: normal, platform: MAC, platformName: MAC, proxy: Proxy(), setWindowRect: true, strictFileInteractability: false, timeouts: {implicit: 0, pageLoad: 300000, script: 30000}, unhandledPromptBehavior: dismiss and notify, webauthn:extension:credBlob: true, webauthn:extension:largeBlob: true, webauthn:virtualAuthenticators: true}
Session ID: 45b020dcdb32b2886484abb6c924a494
at org.openqa.selenium.remote.http.W3CHttpResponseCodec.createException(W3CHttpResponseCodec.java:187)
at org.openqa.selenium.remote.http.W3CHttpResponseCodec.decode(W3CHttpResponseCodec.java:122)
at org.openqa.selenium.remote.http.W3CHttpResponseCodec.decode(W3CHttpResponseCodec.java:49)
at org.openqa.selenium.remote.HttpCommandExecutor.execute(HttpCommandExecutor.java:158)
at org.openqa.selenium.remote.service.DriverCommandExecutor.execute(DriverCommandExecutor.java:83)
at org.openqa.selenium.remote.RemoteWebDriver.execute(RemoteWebDriver.java:552)
at org.openqa.selenium.remote.RemoteWebDriver.get(RemoteWebDriver.java:277)
at scripts._12_Actions_Class.practiceKeyDownAndKeyUp(_12_Actions_Class.java:129)
at java.base/java.util.ArrayList.forEach(ArrayList.java:1511)
... Removed 31 stack frames]]>
    </failure>
  </testcase> <!-- practiceKeyDownAndKeyUp -->
  <testcase classname="scripts._04_GoogleSearchTest" name="testGoogleSearch" time="0.0">
    <ignored/>
  </testcase> <!-- testGoogleSearch -->
  <testcase classname="scripts._03_EtsyTest" name="testEtsySearchResult" time="0.0">
    <ignored/>
  </testcase> <!-- testEtsySearchResult -->
  <testcase classname="scripts._01_AppleTest" name="testAppleTitle" time="0.0">
    <ignored/>
  </testcase> <!-- testAppleTitle -->
  <testcase classname="scripts._03_EtsyTest" name="testEtsySearch" time="0.0">
    <ignored/>
  </testcase> <!-- testEtsySearch -->
  <testcase classname="scripts._03_EtsyTest" name="testEtsyLogo" time="0.0">
    <ignored/>
  </testcase> <!-- testEtsyLogo -->
</testsuite> <!-- All Functionalities -->
