<?xml version="1.0" encoding="UTF-8"?>
<!-- Generated by org.testng.reporters.JUnitXMLReporter -->
<testsuite ignored="0" hostname="Yousefs-MacBook-Pro.local" failures="1" tests="6" name="Command line test" time="17.895" errors="0" timestamp="2022-05-22T16:00:21 CDT">
  <testcase classname="scripts._03_EtsyTest" name="testEtsyLogo" time="0.892"/>
  <testcase classname="scripts._03_EtsyTest" name="testEtsySearch" time="4.091"/>
  <testcase classname="scripts._03_EtsyTest" name="testEtsySearchResult" time="4.574">
    <failure type="org.openqa.selenium.NoSuchFrameException" message="
Build info: version: &amp;apos;3.141.59&amp;apos;, revision: &amp;apos;e82be7d358&amp;apos;, time: &amp;apos;2018-11-14T08:17:03&amp;apos;
System info: host: &amp;apos;Yousefs-MacBook-Pro.local&amp;apos;, ip: &amp;apos;fe80:0:0:0:1c75:b3fb:16e6:838b%en0&amp;apos;, os.name: &amp;apos;Mac OS X&amp;apos;, os.arch: &amp;apos;aarch64&amp;apos;, os.version: &amp;apos;12.3.1&amp;apos;, java.version: &amp;apos;18.0.1&amp;apos;
Driver info: org.openqa.selenium.safari.SafariDriver
Capabilities {acceptInsecureCerts: false, browserName: Safari, browserVersion: 15.4, javascriptEnabled: true, platform: MAC, platformName: MAC, safari:automaticInspection: false, safari:automaticProfiling: false, safari:diagnose: false, safari:platformBuildVersion: 21E258, safari:platformVersion: 12.3.1, safari:useSimulator: false, setWindowRect: true, strictFileInteractability: false, webkit:WebRTC: {DisableICECandidateFiltering: false, DisableInsecureMediaCapture: false}}
Session ID: ECECF4CB-2EBD-4FCA-90C5-907993360B0D
*** Element info: {Using=css selector, value=.wt-display-inline-flex-sm&amp;gt;span}">
      <![CDATA[org.openqa.selenium.NoSuchFrameException: 
Build info: version: '3.141.59', revision: 'e82be7d358', time: '2018-11-14T08:17:03'
System info: host: 'Yousefs-MacBook-Pro.local', ip: 'fe80:0:0:0:1c75:b3fb:16e6:838b%en0', os.name: 'Mac OS X', os.arch: 'aarch64', os.version: '12.3.1', java.version: '18.0.1'
Driver info: org.openqa.selenium.safari.SafariDriver
Capabilities {acceptInsecureCerts: false, browserName: Safari, browserVersion: 15.4, javascriptEnabled: true, platform: MAC, platformName: MAC, safari:automaticInspection: false, safari:automaticProfiling: false, safari:diagnose: false, safari:platformBuildVersion: 21E258, safari:platformVersion: 12.3.1, safari:useSimulator: false, setWindowRect: true, strictFileInteractability: false, webkit:WebRTC: {DisableICECandidateFiltering: false, DisableInsecureMediaCapture: false}}
Session ID: ECECF4CB-2EBD-4FCA-90C5-907993360B0D
*** Element info: {Using=css selector, value=.wt-display-inline-flex-sm>span}
at org.openqa.selenium.remote.http.W3CHttpResponseCodec.createException(W3CHttpResponseCodec.java:187)
at org.openqa.selenium.remote.http.W3CHttpResponseCodec.decode(W3CHttpResponseCodec.java:122)
at org.openqa.selenium.remote.http.W3CHttpResponseCodec.decode(W3CHttpResponseCodec.java:49)
at org.openqa.selenium.remote.HttpCommandExecutor.execute(HttpCommandExecutor.java:158)
at org.openqa.selenium.remote.service.DriverCommandExecutor.execute(DriverCommandExecutor.java:83)
at org.openqa.selenium.remote.RemoteWebDriver.execute(RemoteWebDriver.java:552)
at org.openqa.selenium.remote.RemoteWebDriver.findElement(RemoteWebDriver.java:323)
at org.openqa.selenium.remote.RemoteWebDriver.findElementByCssSelector(RemoteWebDriver.java:420)
at org.openqa.selenium.By$ByCssSelector.findElement(By.java:431)
at org.openqa.selenium.remote.RemoteWebDriver.findElement(RemoteWebDriver.java:315)
at scripts._03_EtsyTest.testEtsySearchResult(_03_EtsyTest.java:61)
at java.base/java.util.ArrayList.forEach(ArrayList.java:1511)
... Removed 36 stack frames]]>
    </failure>
  </testcase> <!-- testEtsySearchResult -->
  <testcase classname="scripts._02_TechGlobalTest" name="testApplicationFormHeading" time="1.263"/>
  <testcase classname="scripts._01_AppleTest" name="testAppleTitle" time="0.821"/>
  <testcase classname="scripts._01_AppleTest" name="testAppleURL" time="1.011"/>
</testsuite> <!-- Command line test -->
