<!DOCTYPE html PUBLIC "-//W3C//DTD XHTML 1.1//EN" "http://www.w3.org/TR/xhtml11/DTD/xhtml11.dtd">
<html xmlns="http://www.w3.org/1999/xhtml">
<head>
<meta http-equiv="content-type" content="text/html; charset=UTF-8"/>
<title>TestNG Report</title>
<style type="text/css">table {margin-bottom:10px;border-collapse:collapse;empty-cells:show}th,td {border:1px solid #009;padding:.25em .5em}th {vertical-align:bottom}td {vertical-align:top}table a {font-weight:bold}.stripe td {background-color: #E6EBF9}.num {text-align:right}.passedodd td {background-color: #3F3}.passedeven td {background-color: #0A0}.skippedodd td {background-color: #DDD}.skippedeven td {background-color: #CCC}.failedodd td,.attn {background-color: #F33}.failedeven td,.stripe .attn {background-color: #D00}.stacktrace {white-space:pre;font-family:monospace}.totop {font-size:85%;text-align:center;border-bottom:2px solid #000}.invisible {display:none}</style>
</head>
<body>
<table>
<tr><th>Test</th><th># Passed</th><th># Skipped</th><th># Retried</th><th># Failed</th><th>Time (ms)</th><th>Included Groups</th><th>Excluded Groups</th></tr>
<tr><th colspan="8">Regression</th></tr>
<tr><td><a href="#t0">All Functionalities</a></td><td class="num">22</td><td class="num">0</td><td class="num">0</td><td class="num attn">4</td><td class="num">374,636</td><td></td><td></td></tr>
</table>
<table id='summary'><thead><tr><th>Class</th><th>Method</th><th>Start</th><th>Time (ms)</th></tr></thead><tbody><tr><th colspan="4">Regression</th></tr></tbody><tbody id="t0"><tr><th colspan="4">All Functionalities &#8212; failed</th></tr><tr class="failedeven"><td rowspan="1">scripts._03_EtsyTest</td><td><a href="#m0">testMainHeader</a></td><td rowspan="1">1654976209740</td><td rowspan="1">4010</td></tr><tr class="failedodd"><td rowspan="1">scripts._07_DropdownTest</td><td><a href="#m1">testExpediaDropdowns</a></td><td rowspan="1">1654976287534</td><td rowspan="1">50021</td></tr><tr class="failedeven"><td rowspan="1">scripts._11_FileUpload</td><td><a href="#m2">testFileUpload1</a></td><td rowspan="1">1654976463210</td><td rowspan="1">4174</td></tr><tr class="failedodd"><td rowspan="1">scripts._12_Actions_Class</td><td><a href="#m3">practiceKeyDownAndKeyUp</a></td><td rowspan="1">1654976571589</td><td rowspan="1">61</td></tr><tr><th colspan="4">All Functionalities &#8212; passed</th></tr><tr class="passedeven"><td rowspan="1">scripts._01_AppleTest</td><td><a href="#m4">testAppleURL</a></td><td rowspan="1">1654976202600</td><td rowspan="1">2816</td></tr><tr class="passedodd"><td rowspan="1">scripts._04_GoogleSearchTest</td><td><a href="#m5">testGoogleStoreLink</a></td><td rowspan="1">1654976218109</td><td rowspan="1">14606</td></tr><tr class="passedeven"><td rowspan="1">scripts._05_CheckBoxTest</td><td><a href="#m6">testCheckBoxInHeroApp</a></td><td rowspan="1">1654976237268</td><td rowspan="1">9717</td></tr><tr class="passedodd"><td rowspan="1">scripts._06_RadioButtonTest</td><td><a href="#m7">testFacebookGenderRadioButtons</a></td><td rowspan="1">1654976251301</td><td rowspan="1">7885</td></tr><tr class="passedeven"><td rowspan="2">scripts._07_DropdownTest</td><td><a href="#m8">testEbayDropdown</a></td><td rowspan="1">1654976344346</td><td rowspan="1">1</td></tr><tr class="passedeven"><td><a href="#m9">testUnsecurePasswordErrorMessage</a></td><td rowspan="1">1654976266214</td><td rowspan="1">16789</td></tr><tr class="passedodd"><td rowspan="5">scripts._08_Alerts</td><td><a href="#m10">testAmazonAddressModal</a></td><td rowspan="1">1654976378563</td><td rowspan="1">23754</td></tr><tr class="passedodd"><td><a href="#m11">testConfirmationAlert</a></td><td rowspan="1">1654976365930</td><td rowspan="1">1992</td></tr><tr class="passedodd"><td><a href="#m12">testEtsySignInModal</a></td><td rowspan="1">1654976348797</td><td rowspan="1">4771</td></tr><tr class="passedodd"><td><a href="#m13">testInformationWarningAlert</a></td><td rowspan="1">1654976359282</td><td rowspan="1">2282</td></tr><tr class="passedodd"><td><a href="#m14">testPromptAlert</a></td><td rowspan="1">1654976372248</td><td rowspan="1">2016</td></tr><tr class="passedeven"><td rowspan="2">scripts._09_IFrames</td><td><a href="#m15">rediffIFrameTest</a></td><td rowspan="1">1654976421376</td><td rowspan="1">2679</td></tr><tr class="passedeven"><td><a href="#m16">testIFrame</a></td><td rowspan="1">1654976408808</td><td rowspan="1">7441</td></tr><tr class="passedodd"><td rowspan="2">scripts._10_WindowsHandles</td><td><a href="#m17">testTechGlobalSchoolFaceBookIcon</a></td><td rowspan="1">1654976442262</td><td rowspan="1">9135</td></tr><tr class="passedodd"><td><a href="#m18">testWindowHandle2</a></td><td rowspan="1">1654976456976</td><td rowspan="1">1942</td></tr><tr class="passedeven"><td rowspan="1">scripts._11_FileUpload</td><td><a href="#m19">testFileDownload</a></td><td rowspan="1">1654976474053</td><td rowspan="1">16994</td></tr><tr class="passedodd"><td rowspan="6">scripts._12_Actions_Class</td><td><a href="#m20">clickHoldAndReleasePractice</a></td><td rowspan="1">1654976552641</td><td rowspan="1">3601</td></tr><tr class="passedodd"><td><a href="#m21">clickOnElementPractice</a></td><td rowspan="1">1654976522727</td><td rowspan="1">5948</td></tr><tr class="passedodd"><td><a href="#m22">moveToElementPractice1</a></td><td rowspan="1">1654976495492</td><td rowspan="1">3237</td></tr><tr class="passedodd"><td><a href="#m23">moveToElementPractice2</a></td><td rowspan="1">1654976504607</td><td rowspan="1">13447</td></tr><tr class="passedodd"><td><a href="#m24">rightClickPractice</a></td><td rowspan="1">1654976535569</td><td rowspan="1">12631</td></tr><tr class="passedodd"><td><a href="#m25">sendKeysToAnElement</a></td><td rowspan="1">1654976560839</td><td rowspan="1">6461</td></tr></tbody>
</table>
<h2>All Functionalities</h2><h3 id="m0">scripts._03_EtsyTest#testMainHeader</h3><table class="result"><tr><th>Exception</th></tr><tr><td><div class="stacktrace">java.lang.AssertionError: The expected text is not displayed expected [Shop Home Sales!] but found [Father&apos;s Day Gifts]
	at scripts._03_EtsyTest.testMainHeader(_03_EtsyTest.java:81)
	at java.base/java.util.ArrayList.forEach(ArrayList.java:1511)
... Removed 32 stack frames</div></td></tr></table><p class="totop"><a href="#summary">back to summary</a></p>
<h3 id="m1">scripts._07_DropdownTest#testExpediaDropdowns</h3><table class="result"><tr><th>Exception</th></tr><tr><td><div class="stacktrace">org.openqa.selenium.NoSuchElementException: no such element: Unable to locate element: {&quot;method&quot;:&quot;css selector&quot;,&quot;selector&quot;:&quot;primary-navigation button &quot;}
  (Session info: chrome=102.0.5005.61)
For documentation on this error, please visit: https://www.seleniumhq.org/exceptions/no_such_element.html
Build info: version: &apos;3.141.59&apos;, revision: &apos;e82be7d358&apos;, time: &apos;2018-11-14T08:17:03&apos;
System info: host: &apos;Yousefs-MacBook-Pro.local&apos;, ip: &apos;fe80:0:0:0:8a6:5225:d782:6b0e%en0&apos;, os.name: &apos;Mac OS X&apos;, os.arch: &apos;aarch64&apos;, os.version: &apos;12.3.1&apos;, java.version: &apos;18.0.1&apos;
Driver info: org.openqa.selenium.chrome.ChromeDriver
Capabilities {acceptInsecureCerts: false, browserName: chrome, browserVersion: 102.0.5005.61, chrome: {chromedriverVersion: 102.0.5005.61 (0e59bcc00cc4..., userDataDir: /var/folders/2g/ykvb31ln215...}, goog:chromeOptions: {debuggerAddress: localhost:51620}, javascriptEnabled: true, networkConnectionEnabled: false, pageLoadStrategy: normal, platform: MAC, platformName: MAC, proxy: Proxy(), setWindowRect: true, strictFileInteractability: false, timeouts: {implicit: 0, pageLoad: 300000, script: 30000}, unhandledPromptBehavior: dismiss and notify, webauthn:extension:credBlob: true, webauthn:extension:largeBlob: true, webauthn:virtualAuthenticators: true}
Session ID: ca8f844068bb4e0bbfc7f26efeeb49e5
*** Element info: {Using=css selector, value=primary-navigation button }
	at org.openqa.selenium.remote.http.W3CHttpResponseCodec.createException(W3CHttpResponseCodec.java:187)
	at org.openqa.selenium.remote.http.W3CHttpResponseCodec.decode(W3CHttpResponseCodec.java:122)
	at org.openqa.selenium.remote.http.W3CHttpResponseCodec.decode(W3CHttpResponseCodec.java:49)
	at org.openqa.selenium.remote.HttpCommandExecutor.execute(HttpCommandExecutor.java:158)
	at org.openqa.selenium.remote.service.DriverCommandExecutor.execute(DriverCommandExecutor.java:83)
	at org.openqa.selenium.remote.RemoteWebDriver.execute(RemoteWebDriver.java:552)
	at org.openqa.selenium.remote.RemoteWebDriver.findElement(RemoteWebDriver.java:323)
	at org.openqa.selenium.remote.RemoteWebDriver.findElementByCssSelector(RemoteWebDriver.java:420)
	at org.openqa.selenium.By$ByCssSelector.findElement(By.java:431)
	at org.openqa.selenium.remote.RemoteWebDriver.findElement(RemoteWebDriver.java:315)
	at org.openqa.selenium.support.pagefactory.DefaultElementLocator.findElement(DefaultElementLocator.java:69)
	at org.openqa.selenium.support.pagefactory.internal.LocatingElementHandler.invoke(LocatingElementHandler.java:38)
	at jdk.proxy2/jdk.proxy2.$Proxy9.click(Unknown Source)
	at scripts._07_DropdownTest.testExpediaDropdowns(_07_DropdownTest.java:65)
	at java.base/java.util.ArrayList.forEach(ArrayList.java:1511)
... Removed 31 stack frames</div></td></tr></table><p class="totop"><a href="#summary">back to summary</a></p>
<h3 id="m2">scripts._11_FileUpload#testFileUpload1</h3><table class="result"><tr><th>Exception</th></tr><tr><td><div class="stacktrace">java.lang.AssertionError: expected [myFileTech2.xls] but found [myTasFile2.xls]
	at scripts._11_FileUpload.testFileUpload1(_11_FileUpload.java:18)
	at java.base/java.util.ArrayList.forEach(ArrayList.java:1511)
... Removed 33 stack frames</div></td></tr></table><p class="totop"><a href="#summary">back to summary</a></p>
<h3 id="m3">scripts._12_Actions_Class#practiceKeyDownAndKeyUp</h3><table class="result"><tr><th>Exception</th></tr><tr><td><div class="stacktrace">org.openqa.selenium.WebDriverException: disconnected: Unable to receive message from renderer
  (Session info: chrome=102.0.5005.61)
Build info: version: &apos;3.141.59&apos;, revision: &apos;e82be7d358&apos;, time: &apos;2018-11-14T08:17:03&apos;
System info: host: &apos;Yousefs-MacBook-Pro.local&apos;, ip: &apos;fe80:0:0:0:8a6:5225:d782:6b0e%en0&apos;, os.name: &apos;Mac OS X&apos;, os.arch: &apos;aarch64&apos;, os.version: &apos;12.3.1&apos;, java.version: &apos;18.0.1&apos;
Driver info: org.openqa.selenium.chrome.ChromeDriver
Capabilities {acceptInsecureCerts: false, browserName: chrome, browserVersion: 102.0.5005.61, chrome: {chromedriverVersion: 102.0.5005.61 (0e59bcc00cc4..., userDataDir: /var/folders/2g/ykvb31ln215...}, goog:chromeOptions: {debuggerAddress: localhost:53903}, javascriptEnabled: true, networkConnectionEnabled: false, pageLoadStrategy: normal, platform: MAC, platformName: MAC, proxy: Proxy(), setWindowRect: true, strictFileInteractability: false, timeouts: {implicit: 0, pageLoad: 300000, script: 30000}, unhandledPromptBehavior: dismiss and notify, webauthn:extension:credBlob: true, webauthn:extension:largeBlob: true, webauthn:virtualAuthenticators: true}
Session ID: 45b020dcdb32b2886484abb6c924a494
	at org.openqa.selenium.remote.http.W3CHttpResponseCodec.createException(W3CHttpResponseCodec.java:187)
	at org.openqa.selenium.remote.http.W3CHttpResponseCodec.decode(W3CHttpResponseCodec.java:122)
	at org.openqa.selenium.remote.http.W3CHttpResponseCodec.decode(W3CHttpResponseCodec.java:49)
	at org.openqa.selenium.remote.HttpCommandExecutor.execute(HttpCommandExecutor.java:158)
	at org.openqa.selenium.remote.service.DriverCommandExecutor.execute(DriverCommandExecutor.java:83)
	at org.openqa.selenium.remote.RemoteWebDriver.execute(RemoteWebDriver.java:552)
	at org.openqa.selenium.remote.RemoteWebDriver.get(RemoteWebDriver.java:277)
	at scripts._12_Actions_Class.practiceKeyDownAndKeyUp(_12_Actions_Class.java:129)
	at java.base/java.util.ArrayList.forEach(ArrayList.java:1511)
... Removed 31 stack frames</div></td></tr></table><p class="totop"><a href="#summary">back to summary</a></p>
<h3 id="m4">scripts._01_AppleTest#testAppleURL</h3><table class="result"><tr><th class="invisible"/></tr></table><p class="totop"><a href="#summary">back to summary</a></p>
<h3 id="m5">scripts._04_GoogleSearchTest#testGoogleStoreLink</h3><table class="result"><tr><th class="invisible"/></tr></table><p class="totop"><a href="#summary">back to summary</a></p>
<h3 id="m6">scripts._05_CheckBoxTest#testCheckBoxInHeroApp</h3><table class="result"><tr><th class="invisible"/></tr></table><p class="totop"><a href="#summary">back to summary</a></p>
<h3 id="m7">scripts._06_RadioButtonTest#testFacebookGenderRadioButtons</h3><table class="result"><tr><th class="invisible"/></tr></table><p class="totop"><a href="#summary">back to summary</a></p>
<h3 id="m8">scripts._07_DropdownTest#testEbayDropdown</h3><table class="result"><tr><th class="invisible"/></tr></table><p class="totop"><a href="#summary">back to summary</a></p>
<h3 id="m9">scripts._07_DropdownTest#testUnsecurePasswordErrorMessage</h3><table class="result"><tr><th class="invisible"/></tr></table><p class="totop"><a href="#summary">back to summary</a></p>
<h3 id="m10">scripts._08_Alerts#testAmazonAddressModal</h3><table class="result"><tr><th class="invisible"/></tr></table><p class="totop"><a href="#summary">back to summary</a></p>
<h3 id="m11">scripts._08_Alerts#testConfirmationAlert</h3><table class="result"><tr><th class="invisible"/></tr></table><p class="totop"><a href="#summary">back to summary</a></p>
<h3 id="m12">scripts._08_Alerts#testEtsySignInModal</h3><table class="result"><tr><th class="invisible"/></tr></table><p class="totop"><a href="#summary">back to summary</a></p>
<h3 id="m13">scripts._08_Alerts#testInformationWarningAlert</h3><table class="result"><tr><th class="invisible"/></tr></table><p class="totop"><a href="#summary">back to summary</a></p>
<h3 id="m14">scripts._08_Alerts#testPromptAlert</h3><table class="result"><tr><th class="invisible"/></tr></table><p class="totop"><a href="#summary">back to summary</a></p>
<h3 id="m15">scripts._09_IFrames#rediffIFrameTest</h3><table class="result"><tr><th class="invisible"/></tr></table><p class="totop"><a href="#summary">back to summary</a></p>
<h3 id="m16">scripts._09_IFrames#testIFrame</h3><table class="result"><tr><th class="invisible"/></tr></table><p class="totop"><a href="#summary">back to summary</a></p>
<h3 id="m17">scripts._10_WindowsHandles#testTechGlobalSchoolFaceBookIcon</h3><table class="result"><tr><th class="invisible"/></tr></table><p class="totop"><a href="#summary">back to summary</a></p>
<h3 id="m18">scripts._10_WindowsHandles#testWindowHandle2</h3><table class="result"><tr><th class="invisible"/></tr></table><p class="totop"><a href="#summary">back to summary</a></p>
<h3 id="m19">scripts._11_FileUpload#testFileDownload</h3><table class="result"><tr><th class="invisible"/></tr></table><p class="totop"><a href="#summary">back to summary</a></p>
<h3 id="m20">scripts._12_Actions_Class#clickHoldAndReleasePractice</h3><table class="result"><tr><th class="invisible"/></tr></table><p class="totop"><a href="#summary">back to summary</a></p>
<h3 id="m21">scripts._12_Actions_Class#clickOnElementPractice</h3><table class="result"><tr><th class="invisible"/></tr></table><p class="totop"><a href="#summary">back to summary</a></p>
<h3 id="m22">scripts._12_Actions_Class#moveToElementPractice1</h3><table class="result"><tr><th class="invisible"/></tr></table><p class="totop"><a href="#summary">back to summary</a></p>
<h3 id="m23">scripts._12_Actions_Class#moveToElementPractice2</h3><table class="result"><tr><th class="invisible"/></tr></table><p class="totop"><a href="#summary">back to summary</a></p>
<h3 id="m24">scripts._12_Actions_Class#rightClickPractice</h3><table class="result"><tr><th class="invisible"/></tr></table><p class="totop"><a href="#summary">back to summary</a></p>
<h3 id="m25">scripts._12_Actions_Class#sendKeysToAnElement</h3><table class="result"><tr><th class="invisible"/></tr></table><p class="totop"><a href="#summary">back to summary</a></p>
</body>
</html>
